<?xml version="1.0" encoding="UTF-8"?>
<!-- Generated by org.testng.reporters.JUnitReportReporter -->
<testsuite hostname="Sysla_Sairaj" failures="0" tests="1" name="test.BlucecopaLogin" time="32.147" errors="0" timestamp="2025-09-30T17:04:03 IST" skipped="0">
  <testcase classname="test.BlucecopaLogin" name="testLogin" time="32.147"/>
</testsuite> <!-- test.BlucecopaLogin -->
