<?xml version="1.0" encoding="UTF-8"?>
<!-- Generated by org.testng.reporters.JUnitReportReporter -->
<testsuite hostname="Sysla_Sairaj" failures="0" tests="2" name="TestNGBasic" time="0.005" errors="0" timestamp="2025-06-12T17:03:47 IST" skipped="0">
  <testcase classname="TestNGBasic" name="f" time="0.005"/>
  <testcase classname="TestNGBasic" name="f" time="0.000"/>
</testsuite> <!-- TestNGBasic -->
