<?xml version="1.0" encoding="UTF-8"?>
<!-- Generated by org.testng.reporters.JUnitReportReporter -->
<testsuite hostname="Sysla_Sairaj" failures="0" tests="1" name="test.DataBoxFile" time="47.582" errors="0" timestamp="2025-09-30T17:05:03 IST" skipped="0">
  <testcase classname="test.DataBoxFile" name="testLoginAndCreateDatabox" time="47.582"/>
</testsuite> <!-- test.DataBoxFile -->
