<?xml version="1.0" encoding="UTF-8"?>
<!-- Generated by org.testng.reporters.JUnitReportReporter -->
<testsuite hostname="Sysla_Sairaj" failures="0" tests="1" name="test.BlucecopaLogin" time="23.749" errors="0" timestamp="2025-10-01T14:22:55 IST" skipped="0">
  <testcase classname="test.BlucecopaLogin" name="testLogin" time="23.749"/>
</testsuite> <!-- test.BlucecopaLogin -->
